<?xml version="1.0" encoding="UTF-8" ?>
<testsuite failures="0" time="0.007" errors="0" skipped="0" tests="27" name="org.apache.ddlutils.platform.TestPlatformUtils">
  <properties>
    <property name="java.runtime.name" value="Java(TM) SE Runtime Environment"/>
    <property name="sun.boot.library.path" value="/usr/lib/jvm/java-7-oracle/jre/lib/amd64"/>
    <property name="java.vm.version" value="24.45-b08"/>
    <property name="java.vm.vendor" value="Oracle Corporation"/>
    <property name="java.vendor.url" value="http://java.oracle.com/"/>
    <property name="path.separator" value=":"/>
    <property name="java.vm.name" value="Java HotSpot(TM) 64-Bit Server VM"/>
    <property name="file.encoding.pkg" value="sun.io"/>
    <property name="user.country" value="ES"/>
    <property name="sun.java.launcher" value="SUN_STANDARD"/>
    <property name="sun.os.patch.level" value="unknown"/>
    <property name="java.vm.specification.name" value="Java Virtual Machine Specification"/>
    <property name="user.dir" value="/home/holger/9ci/ddlutils"/>
    <property name="java.runtime.version" value="1.7.0_45-b18"/>
    <property name="java.awt.graphicsenv" value="sun.awt.X11GraphicsEnvironment"/>
    <property name="basedir" value="/home/holger/9ci/ddlutils"/>
    <property name="java.endorsed.dirs" value="/usr/lib/jvm/java-7-oracle/jre/lib/endorsed"/>
    <property name="os.arch" value="amd64"/>
    <property name="surefire.real.class.path" value="/home/holger/9ci/ddlutils/target/surefire/surefirebooter7850305473399780839.jar"/>
    <property name="java.io.tmpdir" value="/tmp"/>
    <property name="line.separator" value="
"/>
    <property name="java.vm.specification.vendor" value="Oracle Corporation"/>
    <property name="os.name" value="Linux"/>
    <property name="sun.jnu.encoding" value="UTF-8"/>
    <property name="java.library.path" value="/usr/java/packages/lib/amd64:/usr/lib64:/lib64:/lib:/usr/lib"/>
    <property name="surefire.test.class.path" value="/home/holger/9ci/ddlutils/target/test-classes:/home/holger/9ci/ddlutils/target/classes:/home/holger/.m2/repository/ant/ant/1.6.5/ant-1.6.5.jar:/home/holger/.m2/repository/commons-beanutils/commons-beanutils/1.7.0/commons-beanutils-1.7.0.jar:/home/holger/.m2/repository/commons-logging/commons-logging/1.0.4/commons-logging-1.0.4.jar:/home/holger/.m2/repository/commons-codec/commons-codec/1.3/commons-codec-1.3.jar:/home/holger/.m2/repository/commons-collections/commons-collections/3.1/commons-collections-3.1.jar:/home/holger/.m2/repository/commons-dbcp/commons-dbcp/1.2.1/commons-dbcp-1.2.1.jar:/home/holger/.m2/repository/commons-pool/commons-pool/1.2/commons-pool-1.2.jar:/home/holger/.m2/repository/xml-apis/xml-apis/1.0.b2/xml-apis-1.0.b2.jar:/home/holger/.m2/repository/xerces/xercesImpl/2.0.2/xercesImpl-2.0.2.jar:/home/holger/.m2/repository/commons-lang/commons-lang/2.1/commons-lang-2.1.jar:/home/holger/.m2/repository/commons-logging/commons-logging-api/1.0.4/commons-logging-api-1.0.4.jar:/home/holger/.m2/repository/dom4j/dom4j/1.4/dom4j-1.4.jar:/home/holger/.m2/repository/jaxen/jaxen/1.0-FCS/jaxen-1.0-FCS.jar:/home/holger/.m2/repository/saxpath/saxpath/1.0-FCS/saxpath-1.0-FCS.jar:/home/holger/.m2/repository/msv/msv/20020414/msv-20020414.jar:/home/holger/.m2/repository/relaxngDatatype/relaxngDatatype/20020414/relaxngDatatype-20020414.jar:/home/holger/.m2/repository/isorelax/isorelax/20020414/isorelax-20020414.jar:/home/holger/.m2/repository/junit/junit/3.8.1/junit-3.8.1.jar:/home/holger/.m2/repository/log4j/log4j/1.2.8/log4j-1.2.8.jar:/home/holger/.m2/repository/stax/stax-api/1.0.1/stax-api-1.0.1.jar:/home/holger/.m2/repository/woodstox/wstx-asl/3.2.6/wstx-asl-3.2.6.jar:"/>
    <property name="java.specification.name" value="Java Platform API Specification"/>
    <property name="java.class.version" value="51.0"/>
    <property name="sun.management.compiler" value="HotSpot 64-Bit Tiered Compilers"/>
    <property name="os.version" value="3.11.0-12-generic"/>
    <property name="user.home" value="/home/holger"/>
    <property name="user.timezone" value="Europe/Madrid"/>
    <property name="java.awt.printerjob" value="sun.print.PSPrinterJob"/>
    <property name="file.encoding" value="UTF-8"/>
    <property name="java.specification.version" value="1.7"/>
    <property name="user.name" value="holger"/>
    <property name="java.class.path" value="/home/holger/9ci/ddlutils/target/test-classes:/home/holger/9ci/ddlutils/target/classes:/home/holger/.m2/repository/ant/ant/1.6.5/ant-1.6.5.jar:/home/holger/.m2/repository/commons-beanutils/commons-beanutils/1.7.0/commons-beanutils-1.7.0.jar:/home/holger/.m2/repository/commons-logging/commons-logging/1.0.4/commons-logging-1.0.4.jar:/home/holger/.m2/repository/commons-codec/commons-codec/1.3/commons-codec-1.3.jar:/home/holger/.m2/repository/commons-collections/commons-collections/3.1/commons-collections-3.1.jar:/home/holger/.m2/repository/commons-dbcp/commons-dbcp/1.2.1/commons-dbcp-1.2.1.jar:/home/holger/.m2/repository/commons-pool/commons-pool/1.2/commons-pool-1.2.jar:/home/holger/.m2/repository/xml-apis/xml-apis/1.0.b2/xml-apis-1.0.b2.jar:/home/holger/.m2/repository/xerces/xercesImpl/2.0.2/xercesImpl-2.0.2.jar:/home/holger/.m2/repository/commons-lang/commons-lang/2.1/commons-lang-2.1.jar:/home/holger/.m2/repository/commons-logging/commons-logging-api/1.0.4/commons-logging-api-1.0.4.jar:/home/holger/.m2/repository/dom4j/dom4j/1.4/dom4j-1.4.jar:/home/holger/.m2/repository/jaxen/jaxen/1.0-FCS/jaxen-1.0-FCS.jar:/home/holger/.m2/repository/saxpath/saxpath/1.0-FCS/saxpath-1.0-FCS.jar:/home/holger/.m2/repository/msv/msv/20020414/msv-20020414.jar:/home/holger/.m2/repository/relaxngDatatype/relaxngDatatype/20020414/relaxngDatatype-20020414.jar:/home/holger/.m2/repository/isorelax/isorelax/20020414/isorelax-20020414.jar:/home/holger/.m2/repository/junit/junit/3.8.1/junit-3.8.1.jar:/home/holger/.m2/repository/log4j/log4j/1.2.8/log4j-1.2.8.jar:/home/holger/.m2/repository/stax/stax-api/1.0.1/stax-api-1.0.1.jar:/home/holger/.m2/repository/woodstox/wstx-asl/3.2.6/wstx-asl-3.2.6.jar:"/>
    <property name="java.vm.specification.version" value="1.7"/>
    <property name="sun.arch.data.model" value="64"/>
    <property name="java.home" value="/usr/lib/jvm/java-7-oracle/jre"/>
    <property name="sun.java.command" value="/home/holger/9ci/ddlutils/target/surefire/surefirebooter7850305473399780839.jar /home/holger/9ci/ddlutils/target/surefire/surefire6378676218089675267tmp /home/holger/9ci/ddlutils/target/surefire/surefire4581921807646828754tmp"/>
    <property name="java.specification.vendor" value="Oracle Corporation"/>
    <property name="user.language" value="es"/>
    <property name="awt.toolkit" value="sun.awt.X11.XToolkit"/>
    <property name="java.vm.info" value="mixed mode"/>
    <property name="java.version" value="1.7.0_45"/>
    <property name="java.ext.dirs" value="/usr/lib/jvm/java-7-oracle/jre/lib/ext:/usr/java/packages/lib/ext"/>
    <property name="sun.boot.class.path" value="/usr/lib/jvm/java-7-oracle/jre/lib/resources.jar:/usr/lib/jvm/java-7-oracle/jre/lib/rt.jar:/usr/lib/jvm/java-7-oracle/jre/lib/sunrsasign.jar:/usr/lib/jvm/java-7-oracle/jre/lib/jsse.jar:/usr/lib/jvm/java-7-oracle/jre/lib/jce.jar:/usr/lib/jvm/java-7-oracle/jre/lib/charsets.jar:/usr/lib/jvm/java-7-oracle/jre/lib/jfr.jar:/usr/lib/jvm/java-7-oracle/jre/classes"/>
    <property name="java.vendor" value="Oracle Corporation"/>
    <property name="localRepository" value="/home/holger/.m2/repository"/>
    <property name="file.separator" value="/"/>
    <property name="java.vendor.url.bug" value="http://bugreport.sun.com/bugreport/"/>
    <property name="sun.cpu.endian" value="little"/>
    <property name="sun.io.unicode.encoding" value="UnicodeLittle"/>
    <property name="sun.cpu.isalist" value=""/>
  </properties>
  <testcase time="0.001" classname="org.apache.ddlutils.platform.TestPlatformUtils" name="testAxionUrl"/>
  <testcase time="0.001" classname="org.apache.ddlutils.platform.TestPlatformUtils" name="testDb2Driver"/>
  <testcase time="0" classname="org.apache.ddlutils.platform.TestPlatformUtils" name="testDerbyDriver"/>
  <testcase time="0" classname="org.apache.ddlutils.platform.TestPlatformUtils" name="testDerbyUrl"/>
  <testcase time="0" classname="org.apache.ddlutils.platform.TestPlatformUtils" name="testFirebirdDriver"/>
  <testcase time="0" classname="org.apache.ddlutils.platform.TestPlatformUtils" name="testFirebirdUrl"/>
  <testcase time="0" classname="org.apache.ddlutils.platform.TestPlatformUtils" name="testHsqldbDriver"/>
  <testcase time="0" classname="org.apache.ddlutils.platform.TestPlatformUtils" name="testHsqldbUrl"/>
  <testcase time="0" classname="org.apache.ddlutils.platform.TestPlatformUtils" name="testInterbaseDriver"/>
  <testcase time="0" classname="org.apache.ddlutils.platform.TestPlatformUtils" name="testInterbaseUrl"/>
  <testcase time="0.001" classname="org.apache.ddlutils.platform.TestPlatformUtils" name="testMckoiDriver"/>
  <testcase time="0" classname="org.apache.ddlutils.platform.TestPlatformUtils" name="testMckoiUrl"/>
  <testcase time="0" classname="org.apache.ddlutils.platform.TestPlatformUtils" name="testMsSqlDriver"/>
  <testcase time="0" classname="org.apache.ddlutils.platform.TestPlatformUtils" name="testMsSqlUrl"/>
  <testcase time="0" classname="org.apache.ddlutils.platform.TestPlatformUtils" name="testMySqlDriver"/>
  <testcase time="0" classname="org.apache.ddlutils.platform.TestPlatformUtils" name="testMySqlUrl"/>
  <testcase time="0.001" classname="org.apache.ddlutils.platform.TestPlatformUtils" name="testOracleDriver"/>
  <testcase time="0" classname="org.apache.ddlutils.platform.TestPlatformUtils" name="testOracleUrl"/>
  <testcase time="0" classname="org.apache.ddlutils.platform.TestPlatformUtils" name="testSapDbUrl"/>
  <testcase time="0" classname="org.apache.ddlutils.platform.TestPlatformUtils" name="testDb2Url"/>
  <testcase time="0" classname="org.apache.ddlutils.platform.TestPlatformUtils" name="testAxionDriver"/>
  <testcase time="0" classname="org.apache.ddlutils.platform.TestPlatformUtils" name="testCloudscapeUrl"/>
  <testcase time="0" classname="org.apache.ddlutils.platform.TestPlatformUtils" name="testPostgreSqlDriver"/>
  <testcase time="0" classname="org.apache.ddlutils.platform.TestPlatformUtils" name="testPostgreSqlUrl"/>
  <testcase time="0" classname="org.apache.ddlutils.platform.TestPlatformUtils" name="testSapDbDriver"/>
  <testcase time="0" classname="org.apache.ddlutils.platform.TestPlatformUtils" name="testSybaseDriver"/>
  <testcase time="0" classname="org.apache.ddlutils.platform.TestPlatformUtils" name="testSybaseUrl"/>
</testsuite>